DEBUG:root:Order:2 3 10.0
DEBUG:root:Finish turn

DEBUG:root:Order:2 4 10.0
DEBUG:root:Finish turn

DEBUG:root:Order:2 19 15.0
DEBUG:root:Finish turn

DEBUG:root:Order:2 20 15.0
DEBUG:root:Order:2 4 32
DEBUG:root:Finish turn

DEBUG:root:Order:2 15 20.0
DEBUG:root:Bad order:4 3.0 8
DEBUG:root:Finish turn

DEBUG:root:Order:2 16 20.0
DEBUG:root:Order:4 0 26.0
DEBUG:root:Order:4 2 4
DEBUG:root:Finish turn

DEBUG:root:Order:2 4 1
DEBUG:root:Finish turn

DEBUG:root:Order:2 19 6
DEBUG:root:Order:4 19 2
DEBUG:root:Finish turn

DEBUG:root:Order:2 19 2
DEBUG:root:Order:2 4 2
DEBUG:root:Finish turn

DEBUG:root:Order:2 19 1
DEBUG:root:Order:4 19 1
DEBUG:root:Finish turn

DEBUG:root:Order:2 19 1
DEBUG:root:Order:2 4 2
DEBUG:root:Finish turn

DEBUG:root:Order:2 15 6
DEBUG:root:Order:4 15 5
DEBUG:root:Order:19 15 2
DEBUG:root:Finish turn

DEBUG:root:Order:2 15 1
DEBUG:root:Order:2 19 1
DEBUG:root:Order:2 4 2
DEBUG:root:Finish turn

DEBUG:root:Order:2 19 1
DEBUG:root:Order:4 19 1
DEBUG:root:Finish turn

DEBUG:root:Order:2 19 1
DEBUG:root:Order:2 4 2
DEBUG:root:Finish turn

DEBUG:root:Order:2 19 1
DEBUG:root:Finish turn

DEBUG:root:Order:2 19 2
DEBUG:root:Finish turn

DEBUG:root:Order:2 19 3
DEBUG:root:Order:2 4 1
DEBUG:root:Finish turn

DEBUG:root:Order:2 0 8
DEBUG:root:Order:15 0 8
DEBUG:root:Order:4 0 6
DEBUG:root:Order:19 0 5
DEBUG:root:Finish turn

DEBUG:root:Order:2 0 1
DEBUG:root:Order:2 19 1
DEBUG:root:Order:2 4 2
DEBUG:root:Finish turn

DEBUG:root:Order:2 0 1
DEBUG:root:Order:2 19 1
DEBUG:root:Finish turn

DEBUG:root:Order:2 0 1
DEBUG:root:Order:15 0 1
DEBUG:root:Order:15 19 1
DEBUG:root:Finish turn

DEBUG:root:Order:2 9 40.0
DEBUG:root:Order:4 2 8
DEBUG:root:Order:15 2 8
DEBUG:root:Bad order:0 5.0 6
DEBUG:root:Order:19 2 5
DEBUG:root:Finish turn

DEBUG:root:Order:0 2 5
DEBUG:root:Order:0 19 1
DEBUG:root:Finish turn

DEBUG:root:Order:2 0 2
DEBUG:root:Order:2 19 1
DEBUG:root:Order:2 4 2
DEBUG:root:Order:15 4 1
DEBUG:root:Finish turn

DEBUG:root:Order:4 0 1
DEBUG:root:Order:4 19 1
DEBUG:root:Finish turn

DEBUG:root:Order:15 10 40.0
DEBUG:root:Order:2 15 15
DEBUG:root:Order:4 15 10
DEBUG:root:Order:4 20 12
DEBUG:root:Bad order:0 3.0 10
DEBUG:root:Order:19 20 10
DEBUG:root:Finish turn

DEBUG:root:Bad order:0 4.0 9
DEBUG:root:Order:0 20 4
DEBUG:root:Bad order:0 0.0 9
DEBUG:root:Order:2 19 3
DEBUG:root:Finish turn

DEBUG:root:Order:0 4 4
DEBUG:root:Order:2 4 3
DEBUG:root:Order:15 4 1
DEBUG:root:Order:19 4 1
DEBUG:root:Order:19 20 1
DEBUG:root:Finish turn

DEBUG:root:Order:2 19 1
DEBUG:root:Order:2 20 1
DEBUG:root:Order:2 0 3
DEBUG:root:Order:15 0 1
DEBUG:root:Finish turn

DEBUG:root:Order:0 19 1
DEBUG:root:Order:0 20 1
DEBUG:root:Order:0 4 2
DEBUG:root:Order:2 4 1
DEBUG:root:Order:15 4 1
DEBUG:root:Finish turn

DEBUG:root:Order:2 0 3
DEBUG:root:Order:2 19 2
DEBUG:root:Order:2 20 2
DEBUG:root:Finish turn

DEBUG:root:Order:4 0 1
DEBUG:root:Order:4 2 1
DEBUG:root:Order:4 19 1
DEBUG:root:Order:4 20 1
DEBUG:root:Finish turn

DEBUG:root:Order:2 9 8
DEBUG:root:Order:15 9 8
DEBUG:root:Order:0 9 4
DEBUG:root:Order:4 9 4
DEBUG:root:Order:19 9 4
DEBUG:root:Order:20 9 4
DEBUG:root:Finish turn

DEBUG:root:Order:2 9 2
DEBUG:root:Order:2 0 3
DEBUG:root:Order:15 0 1
DEBUG:root:Finish turn

DEBUG:root:Order:0 19 1
DEBUG:root:Order:0 20 1
DEBUG:root:Order:0 9 2
DEBUG:root:Order:2 9 1
DEBUG:root:Order:15 9 1
DEBUG:root:Finish turn

DEBUG:root:Order:2 0 3
DEBUG:root:Order:2 19 2
DEBUG:root:Order:2 20 2
DEBUG:root:Finish turn

DEBUG:root:Order:9 0 1
DEBUG:root:Order:9 2 1
DEBUG:root:Order:9 19 1
DEBUG:root:Order:9 20 1
DEBUG:root:Order:9 4 2
DEBUG:root:Order:15 4 1
DEBUG:root:Finish turn

DEBUG:root:Order:2 5 46.0
DEBUG:root:Order:4 2 9
DEBUG:root:Order:15 2 8
DEBUG:root:Order:0 2 5
DEBUG:root:Order:19 2 5
DEBUG:root:Order:20 2 5
DEBUG:root:Order:9 2 3
DEBUG:root:Finish turn

DEBUG:root:Order:2 0 1
DEBUG:root:Order:15 0 1
DEBUG:root:Finish turn

DEBUG:root:Order:2 19 2
DEBUG:root:Order:2 20 2
DEBUG:root:Finish turn

DEBUG:root:Order:2 0 1
DEBUG:root:Order:2 19 1
DEBUG:root:Order:2 20 1
DEBUG:root:Order:2 4 1
DEBUG:root:Order:15 4 1
DEBUG:root:Finish turn

DEBUG:root:Order:4 0 1
DEBUG:root:Order:4 19 1
DEBUG:root:Order:4 20 1
DEBUG:root:Order:4 9 1
DEBUG:root:Order:15 9 1
DEBUG:root:Finish turn

DEBUG:root:Order:2 5 9
DEBUG:root:Order:9 5 7
DEBUG:root:Order:15 5 7
DEBUG:root:Order:0 5 4
DEBUG:root:Order:19 5 4
DEBUG:root:Order:20 5 4
DEBUG:root:Order:4 5 3
DEBUG:root:Finish turn

DEBUG:root:Order:2 10 17
DEBUG:root:Order:15 10 15
DEBUG:root:Order:4 10 14
DEBUG:root:Order:9 10 14
DEBUG:root:Order:0 10 13
DEBUG:root:Order:19 10 13
DEBUG:root:Bad order:20 11.0 13
DEBUG:root:Bad order:5 6.0 11
DEBUG:root:Finish turn

DEBUG:root:Bad order:5 11.0 13
DEBUG:root:Order:20 10 11
DEBUG:root:Order:2 10 2
DEBUG:root:Finish turn

DEBUG:root:Order:5 10 12
DEBUG:root:Order:5 0 2
DEBUG:root:Order:5 19 2
DEBUG:root:Bad order:5 0.0 16
DEBUG:root:Order:2 4 3
DEBUG:root:Order:15 4 1
DEBUG:root:Finish turn

DEBUG:root:Order:2 0 2
DEBUG:root:Order:2 19 2
DEBUG:root:Order:2 20 2
DEBUG:root:Order:2 9 1
DEBUG:root:Order:2 10 1
DEBUG:root:Finish turn

DEBUG:root:Order:5 2 2
DEBUG:root:Order:5 0 1
DEBUG:root:Order:5 19 1
DEBUG:root:Order:5 20 1
DEBUG:root:Order:5 9 5
DEBUG:root:Order:4 9 2
DEBUG:root:Order:15 9 1
DEBUG:root:Finish turn

DEBUG:root:Order:9 0 2
DEBUG:root:Order:9 5 2
DEBUG:root:Order:9 19 2
DEBUG:root:Order:9 20 2
DEBUG:root:Order:9 10 1
DEBUG:root:Order:9 4 6
DEBUG:root:Order:2 4 1
DEBUG:root:Finish turn

DEBUG:root:Order:4 9 6
DEBUG:root:Order:2 9 2
DEBUG:root:Order:2 0 1
DEBUG:root:Order:2 19 1
DEBUG:root:Order:2 20 1
DEBUG:root:Finish turn

DEBUG:root:Order:5 0 2
DEBUG:root:Order:5 19 2
DEBUG:root:Order:5 20 2
DEBUG:root:Order:5 9 1
DEBUG:root:Order:5 4 4
DEBUG:root:Order:15 4 1
DEBUG:root:Finish turn

DEBUG:root:Order:4 5 3
DEBUG:root:Order:4 0 1
DEBUG:root:Order:4 19 1
DEBUG:root:Order:4 20 1
DEBUG:root:Order:4 9 4
DEBUG:root:Order:2 9 3
DEBUG:root:Order:15 9 1
DEBUG:root:Finish turn

DEBUG:root:Order:15 11 54.0
DEBUG:root:Order:9 15 13
DEBUG:root:Order:2 15 9
DEBUG:root:Order:5 15 8
DEBUG:root:Order:0 15 4
DEBUG:root:Order:19 15 4
DEBUG:root:Order:20 15 4
DEBUG:root:Finish turn

DEBUG:root:Order:2 15 3
DEBUG:root:Order:2 0 3
DEBUG:root:Order:5 0 3
DEBUG:root:Finish turn

DEBUG:root:Order:0 19 2
DEBUG:root:Order:0 20 2
DEBUG:root:Order:0 2 3
DEBUG:root:Order:5 2 2
DEBUG:root:Finish turn

DEBUG:root:Order:2 0 4
DEBUG:root:Order:2 19 1
DEBUG:root:Order:2 20 1
DEBUG:root:Order:2 4 7
DEBUG:root:Order:5 4 3
DEBUG:root:Finish turn

DEBUG:root:Order:4 2 3
DEBUG:root:Order:4 0 2
DEBUG:root:Order:4 19 2
DEBUG:root:Order:4 20 2
DEBUG:root:Order:4 9 1
DEBUG:root:Finish turn

DEBUG:root:Order:5 11 11
DEBUG:root:Order:2 11 8
DEBUG:root:Order:15 11 7
DEBUG:root:Order:9 11 5
DEBUG:root:Order:0 11 4
DEBUG:root:Order:4 11 4
DEBUG:root:Order:19 11 4
DEBUG:root:Order:20 11 4
DEBUG:root:Finish turn

DEBUG:root:Order:2 11 3
DEBUG:root:Order:5 11 1
DEBUG:root:Order:5 0 3
DEBUG:root:Order:15 0 1
DEBUG:root:Finish turn

DEBUG:root:Order:2 19 2
DEBUG:root:Order:2 20 2
DEBUG:root:Order:2 4 2
DEBUG:root:Order:0 4 1
DEBUG:root:Order:5 4 1
DEBUG:root:Finish turn

DEBUG:root:Order:4 19 2
DEBUG:root:Order:4 20 2
DEBUG:root:Order:4 0 1
DEBUG:root:Order:4 2 1
DEBUG:root:Order:4 9 1
DEBUG:root:Finish turn

DEBUG:root:Order:2 14 62.0
DEBUG:root:Order:5 7 64.0
DEBUG:root:Order:11 2 17
DEBUG:root:Order:15 2 15
DEBUG:root:Order:9 2 13
DEBUG:root:Order:9 5 13
DEBUG:root:Order:0 5 12
DEBUG:root:Order:19 5 12
DEBUG:root:Order:20 5 7
DEBUG:root:Finish turn

DEBUG:root:Order:4 9 8
DEBUG:root:Order:20 9 3
DEBUG:root:Order:2 9 1
DEBUG:root:Order:5 9 1
DEBUG:root:Order:5 0 1
DEBUG:root:Order:5 19 1
DEBUG:root:Finish turn

DEBUG:root:Order:2 0 2
DEBUG:root:Order:2 19 2
DEBUG:root:Order:2 9 1
DEBUG:root:Order:2 20 1
DEBUG:root:Order:2 4 2
DEBUG:root:Order:11 4 2
DEBUG:root:Finish turn

DEBUG:root:Order:4 2 2
DEBUG:root:Order:4 0 1
DEBUG:root:Order:4 19 1
DEBUG:root:Order:4 20 1
DEBUG:root:Order:4 9 3
DEBUG:root:Order:5 9 3
DEBUG:root:Order:11 9 2
DEBUG:root:Order:15 9 1
DEBUG:root:Finish turn

DEBUG:root:Order:9 4 5
DEBUG:root:Order:9 0 2
DEBUG:root:Order:9 19 2
DEBUG:root:Order:9 20 2
DEBUG:root:Finish turn

DEBUG:root:Order:5 9 4
DEBUG:root:Order:5 0 2
DEBUG:root:Order:5 19 2
DEBUG:root:Order:5 20 2
DEBUG:root:Order:5 4 1
DEBUG:root:Finish turn

DEBUG:root:Order:2 5 3
DEBUG:root:Order:2 0 1
DEBUG:root:Order:2 19 1
DEBUG:root:Order:2 20 1
DEBUG:root:Order:2 4 6
DEBUG:root:Order:11 4 4
DEBUG:root:Order:15 4 1
DEBUG:root:Finish turn

DEBUG:root:Order:15 8 64.0
DEBUG:root:Order:4 15 16
DEBUG:root:Order:5 15 8
DEBUG:root:Order:11 15 8
DEBUG:root:Order:9 15 5
DEBUG:root:Order:0 15 4
DEBUG:root:Order:19 15 4
DEBUG:root:Order:20 15 4
DEBUG:root:Order:2 15 3
DEBUG:root:Finish turn

DEBUG:root:Order:2 15 2
DEBUG:root:Order:5 15 2
DEBUG:root:Order:5 0 1
DEBUG:root:Order:5 19 1
DEBUG:root:Order:5 20 1
DEBUG:root:Order:5 4 2
DEBUG:root:Order:11 4 1
DEBUG:root:Finish turn

DEBUG:root:Order:2 0 1
DEBUG:root:Order:2 5 1
DEBUG:root:Order:2 19 1
DEBUG:root:Order:2 20 1
DEBUG:root:Order:2 9 3
DEBUG:root:Order:4 9 2
DEBUG:root:Order:11 9 2
DEBUG:root:Finish turn

DEBUG:root:Order:9 10 14
DEBUG:root:Order:5 10 10
DEBUG:root:Order:11 10 10
DEBUG:root:Order:15 10 9
DEBUG:root:Order:4 10 8
DEBUG:root:Order:2 10 7
DEBUG:root:Order:0 10 6
DEBUG:root:Order:19 10 6
DEBUG:root:Order:20 10 6
DEBUG:root:Finish turn

DEBUG:root:Order:2 5 32
DEBUG:root:Order:11 5 31
DEBUG:root:Order:4 5 24
DEBUG:root:Order:4 8 29
DEBUG:root:Order:9 8 29
DEBUG:root:Bad order:9 13.0 29
DEBUG:root:Order:0 15 28
DEBUG:root:Bad order:10 5.0 19
DEBUG:root:Bad order:10 5.0 28
DEBUG:root:Order:19 20 28
DEBUG:root:Order:14 20 2
DEBUG:root:Finish turn

DEBUG:root:Bad order:10 7.0 39
DEBUG:root:Order:14 9 24
DEBUG:root:Order:2 9 14
DEBUG:root:Order:5 9 13
DEBUG:root:Order:11 9 8
DEBUG:root:Order:11 0 13
DEBUG:root:Order:19 0 10
DEBUG:root:Order:8 0 9
DEBUG:root:Order:20 0 9
DEBUG:root:Finish turn

DEBUG:root:Bad order:10 9.0 46
DEBUG:root:Bad order:10 9.0 43
DEBUG:root:Order:10 0 6
DEBUG:root:Finish turn

DEBUG:root:Bad order:10 5.0 39
DEBUG:root:Order:2 19 12
DEBUG:root:Order:5 19 12
DEBUG:root:Order:14 19 10
DEBUG:root:Order:9 19 5
DEBUG:root:Order:8 19 4
DEBUG:root:Order:20 19 4
DEBUG:root:Order:11 19 1
DEBUG:root:Order:11 4 2
DEBUG:root:Finish turn

DEBUG:root:Order:2 4 6
DEBUG:root:Order:5 4 6
DEBUG:root:Order:14 4 5
DEBUG:root:Order:11 4 4
DEBUG:root:Order:15 4 4
DEBUG:root:Order:9 4 3
DEBUG:root:Order:8 4 2
DEBUG:root:Order:20 4 2
DEBUG:root:Order:19 4 1
DEBUG:root:Finish turn

DEBUG:root:Order:2 4 3
DEBUG:root:Order:5 4 3
DEBUG:root:Order:5 0 1
DEBUG:root:Order:5 8 3
DEBUG:root:Order:11 8 2
DEBUG:root:Order:14 8 2
DEBUG:root:Order:15 8 1
DEBUG:root:Finish turn

DEBUG:root:Order:8 0 2
DEBUG:root:Order:8 19 2
DEBUG:root:Order:8 20 2
DEBUG:root:Order:8 4 1
DEBUG:root:Order:8 5 1
DEBUG:root:Order:8 9 5
DEBUG:root:Order:2 9 2
DEBUG:root:Order:11 9 1
DEBUG:root:Order:14 9 1
DEBUG:root:Finish turn

DEBUG:root:Order:9 8 7
DEBUG:root:Order:2 8 2
DEBUG:root:Order:2 0 2
DEBUG:root:Order:2 19 2
DEBUG:root:Order:2 20 2
DEBUG:root:Order:2 4 1
DEBUG:root:Finish turn

DEBUG:root:Order:5 2 3
DEBUG:root:Order:5 0 1
DEBUG:root:Order:5 8 1
DEBUG:root:Order:5 19 1
DEBUG:root:Order:5 20 1
DEBUG:root:Order:5 4 4
DEBUG:root:Order:11 4 3
DEBUG:root:Order:14 4 3
DEBUG:root:Order:15 4 1
DEBUG:root:Finish turn

DEBUG:root:Order:4 5 4
DEBUG:root:Order:4 0 2
DEBUG:root:Order:4 8 2
DEBUG:root:Order:4 19 2
DEBUG:root:Order:4 9 9
DEBUG:root:Order:2 9 1
DEBUG:root:Order:11 9 1
DEBUG:root:Order:14 9 1
DEBUG:root:Finish turn

DEBUG:root:Order:9 4 10
DEBUG:root:Order:9 0 2
DEBUG:root:Order:9 8 2
DEBUG:root:Order:9 19 2
DEBUG:root:Finish turn

DEBUG:root:Order:2 9 4
DEBUG:root:Order:5 9 2
DEBUG:root:Order:5 0 2
DEBUG:root:Order:5 8 2
DEBUG:root:Order:5 19 2
DEBUG:root:Order:5 4 1
DEBUG:root:Finish turn

DEBUG:root:Order:11 5 3
DEBUG:root:Order:11 0 2
DEBUG:root:Order:11 8 2
DEBUG:root:Order:11 19 2
DEBUG:root:Order:11 4 1
DEBUG:root:Order:11 9 1
DEBUG:root:Finish turn

DEBUG:root:Order:2 11 5
DEBUG:root:Order:2 0 1
DEBUG:root:Order:2 8 1
DEBUG:root:Order:2 19 1
DEBUG:root:Order:2 4 5
DEBUG:root:Order:14 4 5
DEBUG:root:Order:5 4 2
DEBUG:root:Order:15 4 1
DEBUG:root:Finish turn

DEBUG:root:Order:4 2 5
DEBUG:root:Order:4 0 2
DEBUG:root:Order:4 8 2
DEBUG:root:Order:4 19 2
DEBUG:root:Order:4 9 1
DEBUG:root:Finish turn

DEBUG:root:Order:5 9 9
DEBUG:root:Order:14 9 7
DEBUG:root:Order:2 9 6
DEBUG:root:Order:11 9 6
DEBUG:root:Order:15 9 5
DEBUG:root:Order:4 9 3
DEBUG:root:Order:0 9 2
DEBUG:root:Order:8 9 2
DEBUG:root:Order:19 9 2
DEBUG:root:Finish turn

DEBUG:root:Order:2 0 6
DEBUG:root:Order:5 0 6
DEBUG:root:Order:11 0 5
DEBUG:root:Order:14 0 5
DEBUG:root:Order:15 0 4
DEBUG:root:Order:4 0 3
DEBUG:root:Order:8 0 2
DEBUG:root:Order:19 0 2
DEBUG:root:Finish turn

DEBUG:root:Order:2 4 8
DEBUG:root:Order:5 4 8
DEBUG:root:Order:11 4 7
DEBUG:root:Order:14 4 7
DEBUG:root:Order:15 4 6
DEBUG:root:Order:9 4 5
DEBUG:root:Order:8 4 4
DEBUG:root:Order:19 4 4
DEBUG:root:Order:0 4 2
DEBUG:root:Finish turn

DEBUG:root:Order:2 4 2
DEBUG:root:Order:5 4 2
DEBUG:root:Order:11 4 1
DEBUG:root:Order:14 4 1
DEBUG:root:Finish turn

DEBUG:root:Order:2 8 6
DEBUG:root:Order:5 8 6
DEBUG:root:Order:11 8 5
DEBUG:root:Order:14 8 5
DEBUG:root:Order:15 8 4
DEBUG:root:Order:9 8 2
DEBUG:root:Order:4 8 1
DEBUG:root:Finish turn

DEBUG:root:Order:2 8 2
DEBUG:root:Order:5 8 2
DEBUG:root:Order:11 8 1
DEBUG:root:Order:11 19 1
DEBUG:root:Order:11 4 1
DEBUG:root:Order:14 4 1
DEBUG:root:Finish turn

DEBUG:root:Order:2 8 2
DEBUG:root:Order:2 19 2
DEBUG:root:Order:2 9 1
DEBUG:root:Order:2 11 2
DEBUG:root:Order:5 11 2
DEBUG:root:Order:14 11 1
DEBUG:root:Finish turn

DEBUG:root:Order:5 14 35
DEBUG:root:Order:4 14 32
DEBUG:root:Order:9 14 8
DEBUG:root:Order:9 11 31
DEBUG:root:Order:2 11 26
DEBUG:root:Bad order:2 26.0 30
DEBUG:root:Order:8 15 30
DEBUG:root:Order:19 15 25
DEBUG:root:Finish turn

DEBUG:root:Order:2 10 9
DEBUG:root:Order:19 10 6
DEBUG:root:Order:5 10 5
DEBUG:root:Order:5 9 5
DEBUG:root:Order:11 9 1
DEBUG:root:Order:11 0 3
DEBUG:root:Order:14 0 2
DEBUG:root:Finish turn

DEBUG:root:Order:2 19 5
DEBUG:root:Order:14 19 5
DEBUG:root:Order:15 19 5
DEBUG:root:Order:4 19 4
DEBUG:root:Order:11 19 3
DEBUG:root:Order:8 19 2
DEBUG:root:Order:9 19 2
DEBUG:root:Order:10 19 2
DEBUG:root:Order:0 19 1
DEBUG:root:Finish turn

DEBUG:root:Order:2 19 2
DEBUG:root:Order:5 19 2
DEBUG:root:Order:11 19 1
DEBUG:root:Order:14 19 1
DEBUG:root:Order:14 0 1
DEBUG:root:Order:14 8 1
DEBUG:root:Order:14 4 1
DEBUG:root:Finish turn

DEBUG:root:Order:2 0 2
DEBUG:root:Order:2 8 2
DEBUG:root:Order:2 19 2
DEBUG:root:Order:2 9 1
DEBUG:root:Order:2 10 1
DEBUG:root:Order:2 14 1
DEBUG:root:Finish turn

DEBUG:root:Order:5 2 3
DEBUG:root:Order:5 0 1
DEBUG:root:Order:5 8 1
DEBUG:root:Order:5 19 1
DEBUG:root:Order:5 4 5
DEBUG:root:Order:11 4 3
DEBUG:root:Order:14 4 1
DEBUG:root:Order:15 4 1
DEBUG:root:Finish turn

DEBUG:root:Order:4 2 27
DEBUG:root:Order:11 2 20
DEBUG:root:Order:14 2 20
DEBUG:root:Order:15 2 19
DEBUG:root:Order:10 2 17
DEBUG:root:Order:0 2 16
DEBUG:root:Order:8 2 16
DEBUG:root:Order:19 2 11
DEBUG:root:Order:19 9 16
DEBUG:root:Order:5 9 7
DEBUG:root:Finish turn

DEBUG:root:Order:5 19 10
DEBUG:root:Order:2 19 1
DEBUG:root:Order:11 19 1
DEBUG:root:Order:11 0 1
DEBUG:root:Order:11 9 1
DEBUG:root:Order:11 4 1
DEBUG:root:Order:14 4 1
DEBUG:root:Finish turn

DEBUG:root:Order:2 0 2
DEBUG:root:Order:2 19 2
DEBUG:root:Order:2 9 1
DEBUG:root:Order:2 10 1
DEBUG:root:Order:2 11 1
DEBUG:root:Finish turn

DEBUG:root:Order:5 0 2
DEBUG:root:Order:5 2 2
DEBUG:root:Order:5 9 1
DEBUG:root:Order:5 4 4
DEBUG:root:Order:14 4 2
DEBUG:root:Finish turn

DEBUG:root:Order:4 0 2
DEBUG:root:Order:4 5 2
DEBUG:root:Order:4 9 1
DEBUG:root:Finish turn

DEBUG:root:Order:2 5 24
DEBUG:root:Order:14 5 23
DEBUG:root:Order:15 5 21
DEBUG:root:Order:4 5 19
DEBUG:root:Order:9 5 19
DEBUG:root:Order:0 5 18
DEBUG:root:Order:11 5 15
DEBUG:root:Finish turn

DEBUG:root:Order:2 11 20
DEBUG:root:Order:14 11 19
DEBUG:root:Bad order:4 0.0 9
DEBUG:root:Bad order:4 0.0 17
DEBUG:root:Order:5 15 17
DEBUG:root:Order:9 15 17
DEBUG:root:Order:0 15 13
DEBUG:root:Bad order:0 6.0 9
DEBUG:root:Finish turn

DEBUG:root:Order:2 4 6
DEBUG:root:Order:5 4 2
DEBUG:root:Order:5 8 6
DEBUG:root:Order:0 8 1
DEBUG:root:Order:0 19 5
DEBUG:root:Order:0 11 4
DEBUG:root:Finish turn

DEBUG:root:Order:15 8 2
DEBUG:root:Order:15 19 2
DEBUG:root:Order:15 4 1
DEBUG:root:Finish turn

DEBUG:root:Order:2 8 2
DEBUG:root:Order:2 19 2
DEBUG:root:Order:2 4 1
DEBUG:root:Order:2 15 1
DEBUG:root:Finish turn

DEBUG:root:Order:5 8 2
DEBUG:root:Order:5 19 2
DEBUG:root:Order:5 4 1
DEBUG:root:Order:5 15 4
DEBUG:root:Order:11 15 2
DEBUG:root:Finish turn

DEBUG:root:Order:15 5 2
DEBUG:root:Order:15 8 2
DEBUG:root:Order:15 19 2
DEBUG:root:Order:15 4 1
DEBUG:root:Order:15 9 5
DEBUG:root:Order:2 9 2
DEBUG:root:Order:11 9 1
DEBUG:root:Finish turn

DEBUG:root:Bad order:9 3.0 6
DEBUG:root:Order:9 8 2
DEBUG:root:Bad order:9 1.0 2
DEBUG:root:Order:9 4 1
DEBUG:root:Finish turn

DEBUG:root:Order:2 9 6
DEBUG:root:Order:5 9 5
DEBUG:root:Order:5 15 4
DEBUG:root:Order:5 19 2
DEBUG:root:Order:5 8 5
DEBUG:root:Order:11 8 4
DEBUG:root:Finish turn

DEBUG:root:Order:8 5 6
DEBUG:root:Order:2 5 2
DEBUG:root:Order:2 19 2
DEBUG:root:Order:2 9 1
DEBUG:root:Order:2 4 2
DEBUG:root:Order:11 4 1
DEBUG:root:Finish turn

DEBUG:root:Order:4 2 2
DEBUG:root:Order:4 19 2
DEBUG:root:Order:4 8 1
DEBUG:root:Order:4 9 1
DEBUG:root:Finish turn

DEBUG:root:Order:5 4 4
DEBUG:root:Order:5 8 1
DEBUG:root:Order:5 19 1
DEBUG:root:Order:5 9 4
DEBUG:root:Order:2 9 2
DEBUG:root:Finish turn

DEBUG:root:Order:9 5 2
DEBUG:root:Order:9 11 2
DEBUG:root:Order:9 8 1
DEBUG:root:Order:9 19 1
DEBUG:root:Order:9 4 5
DEBUG:root:Order:2 4 3
DEBUG:root:Finish turn

DEBUG:root:Order:4 11 13
DEBUG:root:Order:2 11 9
DEBUG:root:Order:5 11 8
DEBUG:root:Order:8 11 4
DEBUG:root:Order:19 11 4
DEBUG:root:Finish turn

DEBUG:root:Order:2 8 1
DEBUG:root:Order:2 11 1
DEBUG:root:Order:2 19 1
DEBUG:root:Order:2 4 2
DEBUG:root:Order:5 4 2
DEBUG:root:Finish turn

DEBUG:root:Order:4 8 2
DEBUG:root:Order:4 19 2
DEBUG:root:Order:4 2 2
DEBUG:root:Order:5 2 2
DEBUG:root:Finish turn

DEBUG:root:Order:2 4 12
DEBUG:root:Order:5 4 9
DEBUG:root:Order:11 4 8
DEBUG:root:Order:8 4 1
DEBUG:root:Order:8 15 4
DEBUG:root:Order:19 15 4
DEBUG:root:Finish turn

DEBUG:root:Order:2 15 6
DEBUG:root:Order:5 15 6
DEBUG:root:Order:11 15 5
DEBUG:root:Order:4 15 2
DEBUG:root:Order:19 15 2
DEBUG:root:Order:8 15 1
DEBUG:root:Finish turn

DEBUG:root:Order:2 15 2
DEBUG:root:Order:2 8 1
DEBUG:root:Order:2 19 1
DEBUG:root:Order:2 4 2
DEBUG:root:Order:5 4 2
DEBUG:root:Order:11 4 1
DEBUG:root:Finish turn

DEBUG:root:Order:4 8 2
DEBUG:root:Order:4 19 2
DEBUG:root:Order:4 2 1
DEBUG:root:Order:4 15 3
DEBUG:root:Order:5 15 2
DEBUG:root:Order:11 15 1
DEBUG:root:Finish turn

DEBUG:root:Order:15 4 5
DEBUG:root:Order:15 8 2
DEBUG:root:Order:15 19 2
DEBUG:root:Finish turn

DEBUG:root:Order:5 8 6
DEBUG:root:Order:2 8 5
DEBUG:root:Order:11 8 2
DEBUG:root:Order:11 15 1
DEBUG:root:Order:11 19 4
DEBUG:root:Finish turn

DEBUG:root:Order:2 11 14
DEBUG:root:Order:5 11 14
DEBUG:root:Order:19 11 13
DEBUG:root:Order:4 11 11
DEBUG:root:Order:15 11 11
DEBUG:root:Bad order:8 8.0 9
DEBUG:root:Finish turn

DEBUG:root:Bad order:8 14.0 26
DEBUG:root:Order:5 2 21
DEBUG:root:Order:15 2 19
DEBUG:root:Order:4 2 18
DEBUG:root:Order:11 2 9
DEBUG:root:Finish turn

DEBUG:root:Order:8 2 15
DEBUG:root:Bad order:8 4.0 14
DEBUG:root:Bad order:8 4.0 24
DEBUG:root:Order:5 4 2
DEBUG:root:Order:11 4 1
DEBUG:root:Finish turn

DEBUG:root:Bad order:8 6.0 8
DEBUG:root:Order:5 19 3
DEBUG:root:Order:2 19 2
DEBUG:root:Order:11 19 2
DEBUG:root:Finish turn

DEBUG:root:Order:8 19 6
DEBUG:root:Order:2 19 2
DEBUG:root:Order:5 19 2
DEBUG:root:Order:11 19 1
DEBUG:root:Finish turn

DEBUG:root:Order:2 19 1
DEBUG:root:Order:5 19 1
DEBUG:root:Finish turn

DEBUG:root:Order:2 5 31
DEBUG:root:Order:11 5 30
DEBUG:root:Bad order:19 25.0 26
DEBUG:root:Bad order:4 1.0 15
DEBUG:root:Finish turn

DEBUG:root:Bad order:19 26.0 28
DEBUG:root:Order:2 5 6
DEBUG:root:Order:11 5 5
DEBUG:root:Finish turn

DEBUG:root:Order:19 5 22
DEBUG:root:Order:19 4 6
DEBUG:root:Finish turn

DEBUG:root:Order:2 19 3
DEBUG:root:Order:11 19 1
DEBUG:root:Order:11 4 1
DEBUG:root:Finish turn

DEBUG:root:Order:2 4 1
DEBUG:root:Order:5 4 1
DEBUG:root:Finish turn

DEBUG:root:Order:2 4 1
DEBUG:root:Order:5 4 1
DEBUG:root:Finish turn

DEBUG:root:Order:2 4 1
DEBUG:root:Order:5 4 1
DEBUG:root:Finish turn

DEBUG:root:Order:2 4 1
DEBUG:root:Order:5 4 1
DEBUG:root:Finish turn

DEBUG:root:Order:2 11 8
DEBUG:root:Order:5 11 8
DEBUG:root:Order:4 11 3
DEBUG:root:Finish turn

DEBUG:root:Order:2 11 1
DEBUG:root:Order:5 11 1
DEBUG:root:Order:5 4 1
DEBUG:root:Finish turn

DEBUG:root:Order:5 2 17
DEBUG:root:Order:11 2 16
DEBUG:root:Order:4 2 14
DEBUG:root:Finish turn

DEBUG:root:Finish turn

DEBUG:root:Finish turn

DEBUG:root:Finish turn

DEBUG:root:Finish turn

DEBUG:root:Finish turn

DEBUG:root:Finish turn

DEBUG:root:Finish turn

DEBUG:root:Finish turn

DEBUG:root:Finish turn

DEBUG:root:Finish turn

DEBUG:root:Order:5 2 61
DEBUG:root:Finish turn

DEBUG:root:Finish turn

DEBUG:root:Finish turn

DEBUG:root:Order:2 5 10
DEBUG:root:Finish turn

DEBUG:root:Finish turn

DEBUG:root:Finish turn

DEBUG:root:Finish turn

DEBUG:root:Finish turn

DEBUG:root:Finish turn

DEBUG:root:Finish turn

DEBUG:root:Finish turn

DEBUG:root:Finish turn

DEBUG:root:Finish turn

DEBUG:root:Finish turn

DEBUG:root:Finish turn

DEBUG:root:Finish turn

DEBUG:root:Finish turn

